[0802/183840.756:ERROR:process_info.cc(631)] range at 0xda0318c00000000, size 0x2a4 fully unreadable
[0802/183840.758:ERROR:process_info.cc(631)] range at 0xda031ee00000000, size 0x2a4 fully unreadable
[0802/183840.758:ERROR:process_info.cc(631)] range at 0x0, size 0x2a4 fully unreadable
[0802/183840.781:ERROR:process_info.cc(379)] UncheckedAllocate
[0802/183840.883:ERROR:file_io.cc(134)] WriteFile: There is not enough space on the disk. (0x70)
[0802/183840.884:ERROR:crash_report_exception_handler.cc(116)] WriteEverything failed
[0802/183848.524:ERROR:process_info.cc(631)] range at 0x96c62b4000000000, size 0x207 fully unreadable
[0802/183848.525:ERROR:process_info.cc(631)] range at 0x0, size 0x207 fully unreadable
[0802/233849.246:ERROR:process_info.cc(631)] range at 0xde231b600000000, size 0x26e fully unreadable
[0802/233849.250:ERROR:process_info.cc(631)] range at 0xde2321800000000, size 0x26e fully unreadable
[0802/233849.250:ERROR:process_info.cc(631)] range at 0x0, size 0x26e fully unreadable
[0802/233856.841:ERROR:process_info.cc(631)] range at 0xc31831b600000000, size 0x2dc fully unreadable
[0802/233856.841:ERROR:process_info.cc(631)] range at 0xc318321800000000, size 0x2dc fully unreadable
[0802/233856.841:ERROR:process_info.cc(631)] range at 0x0, size 0x2dc fully unreadable
[0802/233856.886:ERROR:process_info.cc(379)] UncheckedAllocate
[0802/233856.935:ERROR:file_io.cc(134)] WriteFile: There is not enough space on the disk. (0x70)
[0802/233856.936:ERROR:crash_report_database_win.cc(486)] failed to write header
[0802/233902.690:ERROR:process_info.cc(631)] range at 0x26ff318c00000000, size 0x273 fully unreadable
[0802/233902.690:ERROR:process_info.cc(631)] range at 0x26ff31ee00000000, size 0x273 fully unreadable
[0802/233902.690:ERROR:process_info.cc(631)] range at 0x0, size 0x273 fully unreadable
[0802/233902.745:ERROR:process_info.cc(379)] UncheckedAllocate
[0802/233902.768:ERROR:file_io.cc(134)] WriteFile: There is not enough space on the disk. (0x70)
[0802/233902.768:ERROR:crash_report_exception_handler.cc(116)] WriteEverything failed
[0802/233902.986:ERROR:process_info.cc(631)] range at 0x1d2f31b600000000, size 0x296 fully unreadable
[0802/233902.986:ERROR:process_info.cc(631)] range at 0x1d2f321800000000, size 0x296 fully unreadable
[0802/233902.986:ERROR:process_info.cc(631)] range at 0x0, size 0x296 fully unreadable
[0802/233903.012:ERROR:process_info.cc(379)] UncheckedAllocate
[0802/233903.049:ERROR:file_io.cc(134)] WriteFile: There is not enough space on the disk. (0x70)
[0802/233903.049:ERROR:crash_report_exception_handler.cc(116)] WriteEverything failed
[0802/234154.611:ERROR:process_info.cc(631)] range at 0xa18b31b600000000, size 0x1fa fully unreadable
[0802/234154.611:ERROR:process_info.cc(631)] range at 0xa18b321800000000, size 0x1fa fully unreadable
[0802/234154.611:ERROR:process_info.cc(631)] range at 0x0, size 0x1fa fully unreadable
[0802/234154.667:ERROR:process_info.cc(379)] UncheckedAllocate
[0802/234158.334:ERROR:process_info.cc(631)] range at 0x3bd331b600000000, size 0x21b fully unreadable
[0802/234158.335:ERROR:process_info.cc(631)] range at 0x3bd3321800000000, size 0x21b fully unreadable
[0802/234158.335:ERROR:process_info.cc(631)] range at 0x0, size 0x21b fully unreadable
[0802/234158.382:ERROR:process_info.cc(379)] UncheckedAllocate
[0802/234204.962:ERROR:process_info.cc(631)] range at 0x76c331b600000000, size 0x2a9 fully unreadable
[0802/234204.962:ERROR:process_info.cc(631)] range at 0x76c3321800000000, size 0x2a9 fully unreadable
[0802/234204.962:ERROR:process_info.cc(631)] range at 0x0, size 0x2a9 fully unreadable
[0802/234205.020:ERROR:process_info.cc(379)] UncheckedAllocate
[0802/234217.231:ERROR:process_info.cc(631)] range at 0x358231b400000000, size 0x137 fully unreadable
[0802/234217.231:ERROR:process_info.cc(631)] range at 0x3582321600000000, size 0x137 fully unreadable
[0802/234217.231:ERROR:process_info.cc(631)] range at 0x0, size 0x137 fully unreadable
[0802/234217.288:ERROR:process_info.cc(379)] UncheckedAllocate
